<?xml version="1.0" encoding="UTF-8"?>
<!-- Generated by org.testng.reporters.JUnitReportReporter -->
<testsuite hostname="DESKTOP-NNDQ7J5" failures="0" tests="1" name="com.qa.todo.tests.createToDo" time="3.044" errors="0" timestamp="2024-05-20T14:15:49 IST" skipped="0">
  <testcase classname="com.qa.todo.tests.createToDo" name="verify" time="3.044"/>
</testsuite> <!-- com.qa.todo.tests.createToDo -->
